<?xml version="1.0" encoding="UTF-8"?>
<testsuite name="f10.PartidoSpec" tests="1" skipped="0" failures="1" errors="0" timestamp="2022-06-11T19:58:32" hostname="Lenovo" time="0.001">
  <properties/>
  <testcase name="test something" classname="f10.PartidoSpec" time="0.001">
    <failure message="Condition not satisfied:&#10;&#10;true == false&#10;     |&#10;     false&#10;" type="org.spockframework.runtime.SpockComparisonFailure">Condition not satisfied:

true == false
     |
     false

	at f10.PartidoSpec.test something(PartidoSpec.groovy:16)
</failure>
  </testcase>
  <system-out><![CDATA[]]></system-out>
  <system-err><![CDATA[]]></system-err>
</testsuite>
